[20:44:49] [main/INFO]: Loading Minecraft 26.1.2 with Fabric Loader 0.19.3
[20:44:49] [main/INFO]: Mappings not present!
[20:44:49] [main/INFO]: Loading 46 mods:
	- chunky 1.5.3
	- entityculling 1.10.2
	   |-- transition 1.0.19
	   \-- trender 1.0.13
	- fabric-api 0.154.2+26.1.2
	   |-- fabric-api-base 2.0.3+ece063234c
	   |-- fabric-api-lookup-api-v1 2.0.12+d5a053b64c
	   |-- fabric-biome-api-v1 18.0.5+2fa62b4e4c
	   |-- fabric-block-api-v1 3.0.2+ec56b6014c
	   |-- fabric-block-getter-api-v2 2.0.6+ec56b6014c
	   |-- fabric-command-api-v2 3.0.5+e2bdee784c
	   |-- fabric-content-registries-v0 11.2.1+76b0b6bb4c
	   |-- fabric-convention-tags-v2 4.6.2+4f11f7994c
	   |-- fabric-crash-report-info-v1 1.0.3+9f78a5a84c
	   |-- fabric-creative-tab-api-v1 5.0.11+d871b99e4c
	   |-- fabric-data-attachment-api-v1 2.2.9+44a0bd1d4c
	   |-- fabric-data-generation-api-v1 24.3.2+574cf22d4c
	   |-- fabric-debug-api-v1 1.0.1+c792624d4c
	   |-- fabric-dimensions-v1 5.1.6+9cbf5da54c
	   |-- fabric-entity-events-v1 5.0.2+e2bdee784c
	   |-- fabric-events-interaction-v0 5.2.2+07b380be4c
	   |-- fabric-game-rule-api-v1 4.0.5+d871b99e4c
	   |-- fabric-item-api-v1 14.2.0+a2a3a8914c
	   |-- fabric-key-mapping-api-v1 2.0.4+e2bdee784c
	   |-- fabric-lifecycle-events-v1 4.1.1+df84eb3d4c
	   |-- fabric-loot-api-v3 3.0.12+00a1fba64c
	   |-- fabric-menu-api-v1 2.0.14+d871b99e4c
	   |-- fabric-message-api-v1 7.0.5+dae8ce3e4c
	   |-- fabric-model-loading-api-v1 8.0.11+c80601bb4c
	   |-- fabric-networking-api-v1 6.3.1+554860db4c
	   |-- fabric-object-builder-api-v1 23.1.0+abb459f14c
	   |-- fabric-particles-v1 5.0.15+b61fef434c
	   |-- fabric-permission-api-v1 1.0.2+7437387b4c
	   |-- fabric-recipe-api-v1 9.0.16+be4b75ae4c
	   |-- fabric-registry-sync-v0 7.1.0+2fa62b4e4c
	   |-- fabric-renderer-api-v1 13.0.8+c80601bb4c
	   |-- fabric-renderer-indigo 8.1.5+1403e82c4c
	   |-- fabric-rendering-fluids-v1 6.0.1+d871b99e4c
	   |-- fabric-rendering-v1 23.3.1+e9207d814c
	   |-- fabric-resource-conditions-api-v1 6.1.0+83dd0ba34c
	   |-- fabric-resource-loader-v0 3.3.17+4fc5413f4c
	   |-- fabric-resource-loader-v1 2.0.10+7c44c7324c
	   |-- fabric-screen-api-v1 5.1.0+981dd9b24c
	   |-- fabric-serialization-api-v1 2.0.3+11a26f314c
	   |-- fabric-sound-api-v1 2.0.4+11a26f314c
	   |-- fabric-tag-api-v1 2.1.1+371cf5db4c
	   |-- fabric-transfer-api-v1 8.0.6+357ea7334c
	   \-- fabric-transitive-access-wideners-v1 8.1.3+3ff549fb4c
	- fabricloader 0.19.3
	   \-- mixinextras 0.5.4
	- java 25
	- lithium 0.24.4+mc26.1.2
	- minecraft 26.1.2
[20:44:50] [main/INFO]: SpongePowered MIXIN Subsystem Version=0.8.7 Source=file:/C:/Users/pingu/Documents/GitHub/minecraft-server/libraries/net/fabricmc/sponge-mixin/0.17.3+mixin.0.8.7/sponge-mixin-0.17.3+mixin.0.8.7.jar Service=Knot/Fabric Env=SERVER
[20:44:50] [main/INFO]: Compatibility level set to JAVA_17
[20:44:50] [main/INFO]: Compatibility level set to JAVA_25
[20:44:50] [main/WARN]: Reference map 'entityculling.refmap.mixins.json' for entityculling.mixins.json could not be read. If this is a development environment you can ignore this message
[20:44:50] [main/INFO]: Loaded configuration file for Lithium: 168 options available, 0 override(s) found.
[20:44:50] [main/INFO]: Initializing MixinExtras via com.llamalad7.mixinextras.service.MixinExtrasServiceImpl(version=0.5.4).
[20:44:56] [main/INFO]: Environment: Environment[sessionHost=https://sessionserver.mojang.com, servicesHost=https://api.minecraftservices.com, profilesHost=https://api.mojang.com, name=PROD]
[20:44:57] [main/INFO]: Loaded 1515 recipes
[20:44:57] [main/INFO]: Loaded 1617 advancements
[20:44:58] [main/INFO]: Applied 0 biome modifications to 0 of 65 new biomes in 1.544 ms
[20:44:58] [Server thread/INFO]: Starting minecraft server version 26.1.2
[20:44:58] [Server thread/INFO]: Loading properties
[20:44:58] [Server thread/INFO]: Default game type: SURVIVAL
[20:44:58] [Server thread/INFO]: Generating keypair
[20:44:58] [Server thread/INFO]: Starting Minecraft server on *:25565
[20:44:58] [Server thread/WARN]: **** SERVER IS RUNNING IN OFFLINE/INSECURE MODE!
[20:44:58] [Server thread/WARN]: The server will make no attempt to authenticate usernames. Beware.
[20:44:58] [Server thread/WARN]: While this makes the game possible to play without internet access, it also opens up the ability for hackers to connect with any username they choose.
[20:44:58] [Server thread/WARN]: To change this, set "online-mode" to "true" in the server.properties file.
[20:44:58] [Server thread/INFO]: Preparing level "world"
[20:44:58] [Server thread/INFO]: Loading 0 persistent chunks...
[20:44:58] [Server thread/INFO]: Preparing spawn area: 100%
[20:44:58] [Server thread/INFO]: Time elapsed: 52 ms
[20:44:58] [Server thread/INFO]: Done (0.393s)! For help, type "help"
[20:44:58] [Server thread/INFO]: Saving chunks for level 'ServerLevel[world]'/minecraft:overworld
[20:44:58] [Server thread/INFO]: Saving chunks for level 'ServerLevel[world]'/minecraft:the_nether
[20:44:58] [Server thread/INFO]: Saving chunks for level 'ServerLevel[world]'/minecraft:the_end
[20:44:58] [Server thread/INFO]: ThreadedAnvilChunkStorage (world): All chunks are saved
[20:44:58] [Server thread/INFO]: ThreadedAnvilChunkStorage (DIM-1): All chunks are saved
[20:44:58] [Server thread/INFO]: ThreadedAnvilChunkStorage (DIM1): All chunks are saved
[20:44:58] [Server thread/INFO]: ThreadedAnvilChunkStorage: All dimensions are saved
[20:45:58] [Server thread/INFO]: Server empty for 60 seconds, pausing
[20:49:35] [Server thread/INFO]: Tony[/26.86.243.48:57341] logged in with entity id 67 at (346.3432143790037, 72.0, 1223.1035519119348)
[20:49:35] [Server thread/INFO]: Tony joined the game
[20:49:54] [Server thread/INFO]: [Tony: Set minecraft:overworld to time marker minecraft:day]
[20:52:17] [Server thread/INFO]: MECIULLO[/127.0.0.1:55063] logged in with entity id 672 at (434.4398066765124, 63.0, 1262.0301622440102)
[20:52:17] [Server thread/INFO]: MECIULLO joined the game
[21:02:32] [Server thread/INFO]: leomod[/26.53.21.84:58393] logged in with entity id 2957 at (446.1440499996272, 63.0, 1125.9533118096786)
[21:02:32] [Server thread/INFO]: leomod joined the game
[21:11:36] [Server thread/INFO]: [leomod: Set minecraft:overworld to time marker minecraft:day]
[21:14:21] [Server thread/INFO]: [Tony: Set own game mode to Spectator Mode]
[21:14:30] [Server thread/INFO]: [Tony: Set own game mode to Survival Mode]
[21:17:19] [Server thread/WARN]: Tony moved too quickly! -0.1685274577414475,-1.130906499714527,-10.155043792541619
[21:23:02] [Server thread/INFO]: [Tony: Set minecraft:overworld to time marker minecraft:day]
[21:23:28] [Server thread/INFO]: [Tony: Teleported leomod to Tony]
[21:28:42] [Server thread/INFO]: _Kingslayer_[/26.49.202.67:58541] logged in with entity id 10388 at (377.507523977913, 67.5625, 1274.5806293607375)
[21:28:42] [Server thread/INFO]: _Kingslayer_ joined the game
[21:32:05] [Server thread/INFO]: _Kingslayer_ has made the advancement [Cover Me with Diamonds]
[21:33:11] [Server thread/INFO]: [Tony: Set minecraft:overworld to time marker minecraft:day]
[21:41:36] [Server thread/INFO]: Villager Villager['Villager'/4984, l='ServerLevel[world]', x=538.62, y=69.00, z=1458.55] died, message: 'Villager was slain by Tony'
[21:43:25] [Server thread/INFO]: [Tony: Set minecraft:overworld to time marker minecraft:day]
[21:50:31] [Server thread/INFO]: [_Kingslayer_: Set own game mode to Spectator Mode]
[21:50:50] [Server thread/INFO]: [_Kingslayer_: Set own game mode to Survival Mode]
[21:53:06] [Server thread/INFO]: [Tony: Set own game mode to Spectator Mode]
[21:53:32] [Server thread/INFO]: [Tony: Set own game mode to Survival Mode]
[21:53:39] [Server thread/INFO]: [Tony: Set minecraft:overworld to time marker minecraft:day]
[21:54:50] [Server thread/INFO]: [Tony: Set own game mode to Spectator Mode]
[21:54:57] [Server thread/WARN]: Tony moved too quickly! -8.946373457050612,0.0,-5.744616448673014
[21:55:34] [Server thread/INFO]: [Tony: Set own game mode to Survival Mode]
[21:56:51] [Server thread/INFO]: [Tony: Set own game mode to Spectator Mode]
[21:56:58] [Server thread/INFO]: [Tony: Set own game mode to Survival Mode]
[21:57:54] [Server thread/INFO]: [Tony: Set own game mode to Spectator Mode]
[21:58:11] [Server thread/INFO]: [Tony: Set own game mode to Survival Mode]
[22:03:59] [Server thread/INFO]: [_Kingslayer_: Set minecraft:overworld to time marker minecraft:day]
[22:04:51] [Server thread/INFO]: [Tony: Set own game mode to Spectator Mode]
[22:05:03] [Server thread/INFO]: [Tony: Set own game mode to Survival Mode]
[22:07:29] [Server thread/INFO]: [Tony: Set own game mode to Spectator Mode]
[22:07:39] [Server thread/INFO]: [Tony: Set own game mode to Survival Mode]
[22:07:50] [Server thread/INFO]: [Tony: Set own game mode to Spectator Mode]
[22:08:06] [Server thread/INFO]: [Tony: Set own game mode to Survival Mode]
[22:10:22] [Server thread/INFO]: Locating element minecraft:crimson_forest took 16 ms
[22:20:38] [Server thread/WARN]: Mismatch in destroy block pos: BlockPos{x=175, y=104, z=262} BlockPos{x=175, y=106, z=262}
[22:20:38] [Server thread/WARN]: Mismatch in destroy block pos: BlockPos{x=175, y=104, z=262} BlockPos{x=175, y=106, z=262}
[22:22:04] [Server thread/INFO]: [_Kingslayer_: Set minecraft:overworld to time marker minecraft:day]
[22:22:43] [Server thread/WARN]: _Kingslayer_ moved too quickly! -9.963429612983873,0.0,-2.4457251913811433
[22:25:42] [Server thread/INFO]: [Tony: Set own game mode to Spectator Mode]
[22:26:02] [Server thread/INFO]: [Tony: Set own game mode to Survival Mode]
[22:26:16] [Server thread/INFO]: [Tony: Set own game mode to Spectator Mode]
[22:26:33] [Server thread/INFO]: [Tony: Set own game mode to Survival Mode]
[22:27:05] [Server thread/INFO]: [Tony: Set own game mode to Spectator Mode]
[22:27:20] [Server thread/INFO]: [Tony: Set own game mode to Survival Mode]
[22:27:28] [Server thread/INFO]: [Tony: Set own game mode to Spectator Mode]
[22:27:40] [Server thread/INFO]: [Tony: Set own game mode to Survival Mode]
[22:27:59] [Server thread/INFO]: [Tony: Set own game mode to Creative Mode]
[22:28:02] [Server thread/INFO]: [Tony: Set own game mode to Spectator Mode]
[22:28:05] [Server thread/WARN]: Tony moved too quickly! -2.0026561714770423,0.11557916107362587,-10.460327210929563
[22:28:14] [Server thread/INFO]: [Tony: Set own game mode to Creative Mode]
[22:28:15] [Server thread/INFO]: [Tony: Set own game mode to Spectator Mode]
[22:28:17] [Server thread/INFO]: [Tony: Set own game mode to Survival Mode]
[22:28:29] [Server thread/INFO]: [Tony: Set own game mode to Spectator Mode]
[22:28:36] [Server thread/INFO]: [Tony: Set own game mode to Survival Mode]
[22:30:05] [Server thread/INFO]: [Tony: Gave 64 [Gunpowder] to MECIULLO]
[22:33:21] [Server thread/INFO]: [leomod: Set minecraft:overworld to time marker minecraft:day]
[22:34:48] [Server thread/WARN]: Mismatch in destroy block pos: BlockPos{x=357, y=67, z=1219} BlockPos{x=356, y=65, z=1218}
[22:34:48] [Server thread/WARN]: Mismatch in destroy block pos: BlockPos{x=359, y=65, z=1219} BlockPos{x=358, y=65, z=1220}
[22:34:49] [Server thread/WARN]: Mismatch in destroy block pos: BlockPos{x=363, y=65, z=1216} BlockPos{x=363, y=63, z=1214}
[22:34:49] [Server thread/WARN]: Mismatch in destroy block pos: BlockPos{x=360, y=65, z=1216} BlockPos{x=357, y=65, z=1216}
[22:36:20] [Server thread/INFO]: [Tony: Set the weather to clear]
[22:39:40] [Server thread/INFO]: [Tony: Set own game mode to Spectator Mode]
[22:39:46] [Server thread/INFO]: [Tony: Set own game mode to Survival Mode]
[22:39:53] [Server thread/INFO]: [Tony: Set own game mode to Spectator Mode]
[22:40:01] [Server thread/INFO]: [Tony: Set own game mode to Survival Mode]
[22:44:08] [Server thread/INFO]: [Tony: Set own game mode to Spectator Mode]
[22:44:15] [Server thread/INFO]: [Tony: Set own game mode to Survival Mode]
[22:44:37] [Server thread/INFO]: [Tony: Set minecraft:overworld to time marker minecraft:day]
[22:45:25] [Server thread/INFO]: [Tony: Set own game mode to Spectator Mode]
[22:45:34] [Server thread/WARN]: Tony moved too quickly! 8.061332054575928,0.0,6.885712263337837
[22:47:31] [Server thread/INFO]: [Tony: Set own game mode to Survival Mode]
[22:47:34] [Server thread/INFO]: _Kingslayer_ was blown up by Creeper
[22:49:41] [Server thread/INFO]: [Tony: Set own game mode to Spectator Mode]
[22:49:50] [Server thread/INFO]: [Tony: Set own game mode to Survival Mode]
[22:51:01] [Server thread/INFO]: Tony lost connection: Disconnected
[22:51:01] [Server thread/INFO]: Tony left the game
[22:54:52] [Server thread/INFO]: [leomod: Set minecraft:overworld to time marker minecraft:day]
[22:58:06] [Server thread/INFO]: [_Kingslayer_: Gave 1 [Cat Spawn Egg] to _Kingslayer_]
[22:58:33] [Server thread/INFO]: [_Kingslayer_: Gave 10 [Tropical Fish] to _Kingslayer_]
[22:58:52] [Server thread/INFO]: [_Kingslayer_: Gave 5 [Cat Spawn Egg] to _Kingslayer_]
[22:59:04] [Server thread/INFO]: [_Kingslayer_: Gave 5 [Cat Spawn Egg] to _Kingslayer_]
[22:59:13] [Server thread/INFO]: [_Kingslayer_: Gave 10 [Cat Spawn Egg] to _Kingslayer_]
[22:59:29] [Server thread/INFO]: [_Kingslayer_: Gave 10 [Cat Spawn Egg] to _Kingslayer_]
[23:01:11] [Server thread/INFO]: [_Kingslayer_: Gave 10 [Cat Spawn Egg] to _Kingslayer_]
[23:01:50] [Server thread/INFO]: [_Kingslayer_: Gave 10 [Raw Salmon] to _Kingslayer_]
[23:03:08] [Server thread/INFO]: [_Kingslayer_: Gave 10 [Raw Salmon] to _Kingslayer_]
[23:03:13] [Server thread/INFO]: [_Kingslayer_: Gave 10 [Cat Spawn Egg] to _Kingslayer_]
[23:05:04] [Server thread/INFO]: [_Kingslayer_: Gave 1 [Crafting Table] to _Kingslayer_]
[23:05:32] [Server thread/INFO]: [leomod: Set minecraft:overworld to time marker minecraft:day]
[23:07:34] [Server thread/WARN]: _Kingslayer_ moved too quickly! 8.805376957439137,-1.9215999984741217,4.767988995017504
[23:13:13] [Server thread/INFO]: [_Kingslayer_: Gave 1 [Paper] to _Kingslayer_]
[23:17:04] [Server thread/INFO]: [_Kingslayer_: Set minecraft:overworld to time marker minecraft:day]
[23:19:08] [Server thread/INFO]: Named entity Wolf['Benihime'/19182, l='ServerLevel[world]', x=281.08, y=89.00, z=1240.51] died: Benihime was poked to death by a sweet berry bush
[23:19:21] [Server thread/INFO]: _Kingslayer_ lost connection: Disconnected
[23:19:21] [Server thread/INFO]: _Kingslayer_ left the game
[23:19:51] [Server thread/INFO]: [leomod: Set the weather to clear]
[23:24:42] [Server thread/INFO]: MECIULLO lost connection: Disconnected
[23:24:42] [Server thread/INFO]: MECIULLO left the game
[23:26:53] [Server thread/INFO]: leomod lost connection: Disconnected
[23:26:53] [Server thread/INFO]: leomod left the game
